Arguments: 
  /usr/local/bin/node /usr/local/bin/yarn publish

PATH: 
  /usr/local/mysql/bin:/usr/local/bin:/usr/bin:/bin:/usr/sbin:/sbin:/usr/local/go/bin:/usr/local/MacGPG2/bin:/usr/local/go/bin:/Users/Marc/GoCode/bin:/usr/local/bin

Yarn version: 
  0.27.5

Node version: 
  6.3.1

Platform: 
  darwin x64

npm manifest: 
  {
    "name": "cmacc-lib-lang",
    "version": "2.0.1",
    "description": "Language files for cmacc",
    "main": "index.js",
    "repository": "https://github.com/cmacclang/cmacc-lib-lang.git",
    "author": "Marc Dangeard <marc@dangeard.com>",
    "flat": true,
    "license": "MIT"
  }

yarn manifest: 
  No manifest

Lockfile: 
  No lockfile

Trace: 
  Error: https://registry.yarnpkg.com/cmacc-lib-lang: You must be logged in to publish packages
      at Request.params.callback [as _callback] (/usr/local/lib/node_modules/yarn/lib/util/request-manager.js:326:18)
      at Request.self.callback (/usr/local/lib/node_modules/yarn/node_modules/request/request.js:188:22)
      at emitTwo (events.js:106:13)
      at Request.emit (events.js:191:7)
      at Request.<anonymous> (/usr/local/lib/node_modules/yarn/node_modules/request/request.js:1171:10)
      at emitOne (events.js:96:13)
      at Request.emit (events.js:188:7)
      at IncomingMessage.<anonymous> (/usr/local/lib/node_modules/yarn/node_modules/request/request.js:1091:12)
      at IncomingMessage.g (events.js:286:16)
      at emitNone (events.js:91:20)
